2023-06-15 09:47:09.490  INFO 8708 --- [restartedMain] c.i.FinalnaVerzijaEdnevnikApplication    : Starting FinalnaVerzijaEdnevnikApplication using Java 17.0.4.1 on DESKTOP-SO8SLST with PID 8708 (C:\Project\finalnaVerzijaEdnevnik\target\classes started by Admin in C:\Project\finalnaVerzijaEdnevnik)
2023-06-15 09:47:09.523  INFO 8708 --- [restartedMain] c.i.FinalnaVerzijaEdnevnikApplication    : No active profile set, falling back to 1 default profile: "default"
2023-06-15 09:47:09.734  INFO 8708 --- [restartedMain] .e.DevToolsPropertyDefaultsPostProcessor : Devtools property defaults active! Set 'spring.devtools.add-properties' to 'false' to disable
2023-06-15 09:47:09.735  INFO 8708 --- [restartedMain] .e.DevToolsPropertyDefaultsPostProcessor : For additional web related logging consider setting the 'logging.level.web' property to 'DEBUG'
2023-06-15 09:47:11.895  INFO 8708 --- [restartedMain] .s.d.r.c.RepositoryConfigurationDelegate : Bootstrapping Spring Data JPA repositories in DEFAULT mode.
2023-06-15 09:47:12.132  INFO 8708 --- [restartedMain] .s.d.r.c.RepositoryConfigurationDelegate : Finished Spring Data repository scanning in 211 ms. Found 13 JPA repository interfaces.
2023-06-15 09:47:13.736  INFO 8708 --- [restartedMain] o.s.b.w.embedded.tomcat.TomcatWebServer  : Tomcat initialized with port(s): 8080 (http)
2023-06-15 09:47:13.761  INFO 8708 --- [restartedMain] o.apache.catalina.core.StandardService   : Starting service [Tomcat]
2023-06-15 09:47:13.763  INFO 8708 --- [restartedMain] org.apache.catalina.core.StandardEngine  : Starting Servlet engine: [Apache Tomcat/9.0.71]
2023-06-15 09:47:13.947  INFO 8708 --- [restartedMain] o.a.c.c.C.[Tomcat].[localhost].[/]       : Initializing Spring embedded WebApplicationContext
2023-06-15 09:47:13.947  INFO 8708 --- [restartedMain] w.s.c.ServletWebServerApplicationContext : Root WebApplicationContext: initialization completed in 4211 ms
2023-06-15 09:47:15.464  INFO 8708 --- [restartedMain] com.zaxxer.hikari.HikariDataSource       : HikariPool-1 - Starting...
2023-06-15 09:47:16.293  INFO 8708 --- [restartedMain] com.zaxxer.hikari.HikariDataSource       : HikariPool-1 - Start completed.
2023-06-15 09:47:19.587  INFO 8708 --- [restartedMain] j.LocalContainerEntityManagerFactoryBean : Initialized JPA EntityManagerFactory for persistence unit 'default'
2023-06-15 09:47:21.583  WARN 8708 --- [restartedMain] .s.s.UserDetailsServiceAutoConfiguration : 

Using generated security password: ed34db73-c529-4343-b49b-6ea1cb40420b

This generated password is for development use only. Your security configuration must be updated before running your application in production.

2023-06-15 09:47:21.910  WARN 8708 --- [restartedMain] JpaBaseConfiguration$JpaWebConfiguration : spring.jpa.open-in-view is enabled by default. Therefore, database queries may be performed during view rendering. Explicitly configure spring.jpa.open-in-view to disable this warning
2023-06-15 09:47:22.693  INFO 8708 --- [restartedMain] o.s.s.web.DefaultSecurityFilterChain     : Will secure any request with [org.springframework.security.web.session.DisableEncodeUrlFilter@1b72393c, org.springframework.security.web.context.request.async.WebAsyncManagerIntegrationFilter@4af80349, org.springframework.security.web.context.SecurityContextPersistenceFilter@5611af8, org.springframework.security.web.header.HeaderWriterFilter@61f5cf31, org.springframework.web.filter.CorsFilter@64cc8523, org.springframework.security.web.authentication.logout.LogoutFilter@5cfe2f80, com.iktpreobuka.config.JWTAuthorizationFilter@4674637, org.springframework.security.web.savedrequest.RequestCacheAwareFilter@17975e68, org.springframework.security.web.servletapi.SecurityContextHolderAwareRequestFilter@4f2b1fe6, org.springframework.security.web.authentication.AnonymousAuthenticationFilter@e56345e, org.springframework.security.web.session.SessionManagementFilter@72ec87bb, org.springframework.security.web.access.ExceptionTranslationFilter@6f4068f2, org.springframework.security.web.access.intercept.FilterSecurityInterceptor@38dfe74d]
2023-06-15 09:47:23.341  INFO 8708 --- [restartedMain] o.s.b.d.a.OptionalLiveReloadServer       : LiveReload server is running on port 35729
2023-06-15 09:47:23.440  INFO 8708 --- [restartedMain] o.s.b.w.embedded.tomcat.TomcatWebServer  : Tomcat started on port(s): 8080 (http) with context path ''
2023-06-15 09:47:23.467  INFO 8708 --- [restartedMain] c.i.FinalnaVerzijaEdnevnikApplication    : Started FinalnaVerzijaEdnevnikApplication in 15.096 seconds (JVM running for 17.086)
2023-06-15 09:50:32.693  INFO 8708 --- [RMI TCP Connection(7)-127.0.0.1] inMXBeanRegistrar$SpringApplicationAdmin : Application shutdown requested.
2023-06-15 09:50:32.716  INFO 8708 --- [RMI TCP Connection(7)-127.0.0.1] o.apache.catalina.core.StandardService   : Stopping service [Tomcat]
2023-06-15 09:50:32.733  INFO 8708 --- [RMI TCP Connection(7)-127.0.0.1] j.LocalContainerEntityManagerFactoryBean : Closing JPA EntityManagerFactory for persistence unit 'default'
2023-06-15 09:50:32.740  INFO 8708 --- [RMI TCP Connection(7)-127.0.0.1] com.zaxxer.hikari.HikariDataSource       : HikariPool-1 - Shutdown initiated...
2023-06-15 09:50:32.759  INFO 8708 --- [RMI TCP Connection(7)-127.0.0.1] com.zaxxer.hikari.HikariDataSource       : HikariPool-1 - Shutdown completed.
2023-06-15 09:57:15.920  INFO 4540 --- [restartedMain] c.i.FinalnaVerzijaEdnevnikApplication    : Starting FinalnaVerzijaEdnevnikApplication using Java 17.0.4.1 on DESKTOP-SO8SLST with PID 4540 (C:\Project\finalnaVerzijaEdnevnik\target\classes started by Admin in C:\Project\finalnaVerzijaEdnevnik)
2023-06-15 09:57:15.923  INFO 4540 --- [restartedMain] c.i.FinalnaVerzijaEdnevnikApplication    : No active profile set, falling back to 1 default profile: "default"
2023-06-15 09:57:16.029  INFO 4540 --- [restartedMain] .e.DevToolsPropertyDefaultsPostProcessor : Devtools property defaults active! Set 'spring.devtools.add-properties' to 'false' to disable
2023-06-15 09:57:16.030  INFO 4540 --- [restartedMain] .e.DevToolsPropertyDefaultsPostProcessor : For additional web related logging consider setting the 'logging.level.web' property to 'DEBUG'
2023-06-15 09:57:17.878  INFO 4540 --- [restartedMain] .s.d.r.c.RepositoryConfigurationDelegate : Bootstrapping Spring Data JPA repositories in DEFAULT mode.
2023-06-15 09:57:18.050  INFO 4540 --- [restartedMain] .s.d.r.c.RepositoryConfigurationDelegate : Finished Spring Data repository scanning in 149 ms. Found 13 JPA repository interfaces.
2023-06-15 09:57:19.563  INFO 4540 --- [restartedMain] o.s.b.w.embedded.tomcat.TomcatWebServer  : Tomcat initialized with port(s): 8080 (http)
2023-06-15 09:57:19.588  INFO 4540 --- [restartedMain] o.apache.catalina.core.StandardService   : Starting service [Tomcat]
2023-06-15 09:57:19.589  INFO 4540 --- [restartedMain] org.apache.catalina.core.StandardEngine  : Starting Servlet engine: [Apache Tomcat/9.0.71]
2023-06-15 09:57:19.746  INFO 4540 --- [restartedMain] o.a.c.c.C.[Tomcat].[localhost].[/]       : Initializing Spring embedded WebApplicationContext
2023-06-15 09:57:19.747  INFO 4540 --- [restartedMain] w.s.c.ServletWebServerApplicationContext : Root WebApplicationContext: initialization completed in 3716 ms
2023-06-15 09:57:20.740  INFO 4540 --- [restartedMain] com.zaxxer.hikari.HikariDataSource       : HikariPool-1 - Starting...
2023-06-15 09:57:21.379  INFO 4540 --- [restartedMain] com.zaxxer.hikari.HikariDataSource       : HikariPool-1 - Start completed.
2023-06-15 09:57:24.751  INFO 4540 --- [restartedMain] j.LocalContainerEntityManagerFactoryBean : Initialized JPA EntityManagerFactory for persistence unit 'default'
2023-06-15 09:57:26.237  WARN 4540 --- [restartedMain] .s.s.UserDetailsServiceAutoConfiguration : 

Using generated security password: eed94611-d8df-4b1c-8cf4-3e471978ea1e

This generated password is for development use only. Your security configuration must be updated before running your application in production.

2023-06-15 09:57:26.571  WARN 4540 --- [restartedMain] JpaBaseConfiguration$JpaWebConfiguration : spring.jpa.open-in-view is enabled by default. Therefore, database queries may be performed during view rendering. Explicitly configure spring.jpa.open-in-view to disable this warning
2023-06-15 09:57:27.088  INFO 4540 --- [restartedMain] o.s.s.web.DefaultSecurityFilterChain     : Will secure any request with [org.springframework.security.web.session.DisableEncodeUrlFilter@590be260, org.springframework.security.web.context.request.async.WebAsyncManagerIntegrationFilter@4931ed9b, org.springframework.security.web.context.SecurityContextPersistenceFilter@17c304df, org.springframework.security.web.header.HeaderWriterFilter@26f4f280, org.springframework.web.filter.CorsFilter@315daa48, org.springframework.security.web.authentication.logout.LogoutFilter@9c82327, com.iktpreobuka.config.JWTAuthorizationFilter@23d61ddf, org.springframework.security.web.savedrequest.RequestCacheAwareFilter@a9d090a, org.springframework.security.web.servletapi.SecurityContextHolderAwareRequestFilter@c2a906c, org.springframework.security.web.authentication.AnonymousAuthenticationFilter@2548f327, org.springframework.security.web.session.SessionManagementFilter@7b7187a0, org.springframework.security.web.access.ExceptionTranslationFilter@4bde5560, org.springframework.security.web.access.intercept.FilterSecurityInterceptor@122c7233]
2023-06-15 09:57:27.527  INFO 4540 --- [restartedMain] o.s.b.d.a.OptionalLiveReloadServer       : LiveReload server is running on port 35729
2023-06-15 09:57:27.605  INFO 4540 --- [restartedMain] o.s.b.w.embedded.tomcat.TomcatWebServer  : Tomcat started on port(s): 8080 (http) with context path ''
2023-06-15 09:57:27.629  INFO 4540 --- [restartedMain] c.i.FinalnaVerzijaEdnevnikApplication    : Started FinalnaVerzijaEdnevnikApplication in 12.373 seconds (JVM running for 17.578)
